<?xml version="1.0" encoding="UTF-8"?>
<!-- Generated by org.testng.reporters.JUnitReportReporter -->
<testsuite hostname="DESKTOP-UDJ5PR4" name="com.edu.qingguo.AddressList" tests="2" failures="0" timestamp="18 Dec 2019 09:40:09 GMT" time="0.037" errors="0">
  <testcase name="testList1" time="0.021" classname="com.edu.qingguo.AddressList"/>
  <testcase name="testList2" time="0.016" classname="com.edu.qingguo.AddressList"/>
</testsuite> <!-- com.edu.qingguo.AddressList -->
