<?xml version="1.0" encoding="UTF-8"?>
<!-- Generated by org.testng.reporters.JUnitReportReporter -->
<testsuite hostname="DESKTOP-UDJ5PR4" name="com.edu.qingguo.Changjing1" tests="4" failures="0" timestamp="18 Dec 2019 01:21:02 GMT" time="1.040" errors="0">
  <testcase name="test2" time="0.012" classname="com.edu.qingguo.Changjing1"/>
  <testcase name="test1" time="1.000" classname="com.edu.qingguo.Changjing1"/>
  <testcase name="test3" time="0.018" classname="com.edu.qingguo.Changjing1"/>
  <testcase name="test4" time="0.010" classname="com.edu.qingguo.Changjing1"/>
</testsuite> <!-- com.edu.qingguo.Changjing1 -->
