<?xml version="1.0" encoding="UTF-8"?>
<!-- Generated by org.testng.reporters.JUnitReportReporter -->
<testsuite hostname="DESKTOP-UDJ5PR4" name="com.edu.qingguo.Submit" tests="1" failures="0" timestamp="18 Dec 2019 09:40:09 GMT" time="0.027" errors="0">
  <testcase name="testSubmit" time="0.027" classname="com.edu.qingguo.Submit"/>
</testsuite> <!-- com.edu.qingguo.Submit -->
