<?xml version="1.0" encoding="UTF-8"?>
<!-- Generated by org.testng.reporters.JUnitReportReporter -->
<testsuite hostname="DESKTOP-UDJ5PR4" name="com.edu.qingguo.GetTransporFee" tests="2" failures="0" timestamp="18 Dec 2019 09:40:09 GMT" time="0.073" errors="0">
  <testcase name="testGetFee1" time="0.032" classname="com.edu.qingguo.GetTransporFee"/>
  <testcase name="testGetFee" time="0.041" classname="com.edu.qingguo.GetTransporFee"/>
</testsuite> <!-- com.edu.qingguo.GetTransporFee -->
