<?xml version="1.0" encoding="UTF-8"?>
<!-- Generated by org.testng.reporters.JUnitReportReporter -->
<testsuite hostname="DESKTOP-UDJ5PR4" name="com.edu.qingguo.LoginTest" tests="3" failures="0" timestamp="18 Dec 2019 09:40:09 GMT" time="0.874" errors="0">
  <testcase name="testLogin2" time="0.850" classname="com.edu.qingguo.LoginTest"/>
  <testcase name="testLoginSuccess" time="0.014" classname="com.edu.qingguo.LoginTest"/>
  <testcase name="testLogin3" time="0.010" classname="com.edu.qingguo.LoginTest"/>
</testsuite> <!-- com.edu.qingguo.LoginTest -->
