<?xml version="1.0" encoding="UTF-8"?>
<!-- Generated by org.testng.reporters.JUnitReportReporter -->
<testsuite hostname="DESKTOP-UDJ5PR4" name="com.edu.qingguo.NewAddress" tests="1" failures="0" timestamp="18 Dec 2019 09:40:09 GMT" time="0.020" errors="0">
  <testcase name="testAdd1" time="0.020" classname="com.edu.qingguo.NewAddress"/>
</testsuite> <!-- com.edu.qingguo.NewAddress -->
