<?xml version="1.0" encoding="UTF-8"?>
<!-- Generated by org.testng.reporters.JUnitReportReporter -->
<testsuite hostname="DESKTOP-UDJ5PR4" name="com.edu.qingguo.SkulistTest" tests="3" failures="0" timestamp="18 Dec 2019 09:40:09 GMT" time="0.032" errors="0">
  <testcase name="test1" time="0.011" classname="com.edu.qingguo.SkulistTest"/>
  <testcase name="test2" time="0.008" classname="com.edu.qingguo.SkulistTest"/>
  <testcase name="test3" time="0.013" classname="com.edu.qingguo.SkulistTest"/>
</testsuite> <!-- com.edu.qingguo.SkulistTest -->
