<?xml version="1.0" encoding="UTF-8"?>
<!-- Generated by org.testng.reporters.JUnitReportReporter -->
<testsuite hostname="DESKTOP-UDJ5PR4" name="com.edu.qingguo.DeleteAddress" tests="2" failures="0" timestamp="18 Dec 2019 09:40:09 GMT" time="0.036" errors="0">
  <testcase name="test2" time="0.019" classname="com.edu.qingguo.DeleteAddress"/>
  <testcase name="test1" time="0.017" classname="com.edu.qingguo.DeleteAddress"/>
</testsuite> <!-- com.edu.qingguo.DeleteAddress -->
