<?xml version="1.0" encoding="UTF-8"?>
<!-- Generated by org.testng.reporters.JUnitReportReporter -->
<testsuite hostname="DESKTOP-UDJ5PR4" name="com.edu.qingguo.Changjing2" tests="1" failures="0" timestamp="18 Dec 2019 01:37:41 GMT" time="0.746" errors="0">
  <testcase name="testChangjing1" time="0.746" classname="com.edu.qingguo.Changjing2"/>
</testsuite> <!-- com.edu.qingguo.Changjing2 -->
