<?xml version="1.0" encoding="UTF-8"?>
<!-- Generated by org.testng.reporters.JUnitReportReporter -->
<testsuite hostname="DESKTOP-KQHJ4VM" name="com.webtest.travel.travel" tests="2" failures="0" timestamp="23 Jun 2019 10:48:21 GMT" time="93.200" errors="0">
  <testcase name="add" time="52.533" classname="com.webtest.travel.travel"/>
  <testcase name="testLogin" time="40.667" classname="com.webtest.travel.travel"/>
</testsuite> <!-- com.webtest.travel.travel -->
