<?xml version="1.0" encoding="UTF-8"?>
<!-- Generated by org.testng.reporters.JUnitReportReporter -->
<testsuite hostname="DESKTOP-KQHJ4VM" name="com.webtest.openSNS.usercenter" tests="9" failures="0" timestamp="28 Nov 2019 01:00:57 GMT" time="8.380" errors="0">
  <testcase name="testusercenterSuccess3" time="0.016" classname="com.webtest.openSNS.usercenter"/>
  <testcase name="testusercenterSuccess8" time="0.033" classname="com.webtest.openSNS.usercenter"/>
  <testcase name="testusercenterSuccess" time="8.205" classname="com.webtest.openSNS.usercenter"/>
  <testcase name="testusercenterSuccess9" time="0.026" classname="com.webtest.openSNS.usercenter"/>
  <testcase name="testusercenterSuccess5" time="0.015" classname="com.webtest.openSNS.usercenter"/>
  <testcase name="testusercenterSuccess4" time="0.015" classname="com.webtest.openSNS.usercenter"/>
  <testcase name="testusercenterSuccess7" time="0.024" classname="com.webtest.openSNS.usercenter"/>
  <testcase name="testusercenterSuccess6" time="0.029" classname="com.webtest.openSNS.usercenter"/>
  <testcase name="testusercenterSuccess2" time="0.017" classname="com.webtest.openSNS.usercenter"/>
</testsuite> <!-- com.webtest.openSNS.usercenter -->
