<?xml version="1.0" encoding="UTF-8"?>
<!-- Generated by org.testng.reporters.JUnitReportReporter -->
<testsuite hostname="DESKTOP-KQHJ4VM" name="com.webtest.demo.demo" tests="1" failures="0" timestamp="19 Nov 2019 01:20:12 GMT" time="0.026" errors="0">
  <testcase name="t1" time="0.026" classname="com.webtest.demo.demo"/>
</testsuite> <!-- com.webtest.demo.demo -->
