<?xml version="1.0" encoding="UTF-8"?>
<!-- Generated by org.testng.reporters.JUnitReportReporter -->
<testsuite hostname="DESKTOP-KQHJ4VM" name="com.webtest.freeMarker.TestFreemarker" tests="1" failures="0" timestamp="14 Nov 2019 07:27:17 GMT" time="0.217" errors="0">
  <testcase name="test01" time="0.217" classname="com.webtest.freeMarker.TestFreemarker"/>
</testsuite> <!-- com.webtest.freeMarker.TestFreemarker -->
