<?xml version="1.0" encoding="UTF-8"?>
<!-- Generated by org.testng.reporters.JUnitReportReporter -->
<testsuite hostname="DESKTOP-KQHJ4VM" name="com.webtest.openSNS.operation_tools" tests="1" failures="0" timestamp="28 Nov 2019 02:13:15 GMT" time="30.368" errors="0">
  <testcase name="operation_toolsSuccess" time="30.368" classname="com.webtest.openSNS.operation_tools"/>
</testsuite> <!-- com.webtest.openSNS.operation_tools -->
