<?xml version="1.0" encoding="UTF-8"?>
<!-- Generated by org.testng.reporters.JUnitReportReporter -->
<testsuite hostname="DESKTOP-KQHJ4VM" name="com.webtest.travel.picture" tests="4" failures="0" timestamp="18 Jun 2019 08:26:26 GMT" time="53.900" errors="0">
  <testcase name="change" time="0.096" classname="com.webtest.travel.picture"/>
  <testcase name="addPicture" time="6.494" classname="com.webtest.travel.picture"/>
  <testcase name="add" time="6.009" classname="com.webtest.travel.picture"/>
  <testcase name="testLogin" time="41.301" classname="com.webtest.travel.picture"/>
</testsuite> <!-- com.webtest.travel.picture -->
