<?xml version="1.0" encoding="UTF-8"?>
<!-- Generated by org.testng.reporters.JUnitReportReporter -->
<testsuite hostname="DESKTOP-KQHJ4VM" name="com.webtest.travel.login" tests="1" failures="0" timestamp="18 Jun 2019 07:36:22 GMT" time="41.194" errors="0">
  <testcase name="testLogin" time="41.194" classname="com.webtest.travel.login"/>
</testsuite> <!-- com.webtest.travel.login -->
