<?xml version="1.0" encoding="UTF-8"?>
<!-- Generated by org.testng.reporters.JUnitReportReporter -->
<testsuite hostname="DESKTOP-KQHJ4VM" name="com.webtest.openSNS.login" tests="1" failures="0" timestamp="28 Nov 2019 03:04:12 GMT" time="27.012" errors="0">
  <testcase name="testLogin" time="27.012" classname="com.webtest.openSNS.login"/>
</testsuite> <!-- com.webtest.openSNS.login -->
