<?xml version="1.0" encoding="UTF-8"?>
<!-- Generated by org.testng.reporters.JUnitReportReporter -->
<testsuite hostname="LAPTOP-KJ49V8PT" name="com.webtest.demo.demo" tests="4" failures="0" timestamp="15 Nov 2019 01:50:33 GMT" time="0.010" errors="0">
  <testcase name="demo4" time="0.000" classname="com.webtest.demo.demo"/>
  <testcase name="demo1" time="0.009" classname="com.webtest.demo.demo"/>
  <testcase name="demo2" time="0.000" classname="com.webtest.demo.demo"/>
  <testcase name="demo3" time="0.001" classname="com.webtest.demo.demo"/>
</testsuite> <!-- com.webtest.demo.demo -->
