<?xml version="1.0" encoding="UTF-8"?>
<!-- Generated by org.testng.reporters.JUnitReportReporter -->
<testsuite hostname="LAPTOP-ELPBVJLJ" failures="0" tests="1" name="com.edu.test.Demo1" time="0.014" errors="0" timestamp="2019-11-14T16:42:18 GMT+08:00" skipped="0">
  <testcase classname="com.edu.test.Demo1" name="t1" time="0.014"/>
</testsuite> <!-- com.edu.test.Demo1 -->
