<?xml version="1.0" encoding="UTF-8"?>
<!-- Generated by org.testng.reporters.JUnitReportReporter -->
<testsuite hostname="LAPTOP-ELPBVJLJ" failures="0" tests="1" name="com.edu.test.Dome2" time="0.017" errors="0" timestamp="2019-11-14T16:39:32 GMT+08:00" skipped="0">
  <testcase classname="com.edu.test.Dome2" name="t2" time="0.017"/>
</testsuite> <!-- com.edu.test.Dome2 -->
