<?xml version="1.0" encoding="UTF-8"?>
<!-- Generated by org.testng.reporters.JUnitReportReporter -->
<testsuite hostname="DESKTOP-UDJ5PR4" name="fengrao.Demo1" tests="3" failures="0" timestamp="16 Dec 2019 03:50:48 GMT" time="42.967" errors="0">
  <testcase name="HandlePeople1" time="15.705" classname="fengrao.Demo1"/>
  <testcase name="HandlePeople1" time="13.690" classname="fengrao.Demo1"/>
  <testcase name="HandlePeople1" time="13.572" classname="fengrao.Demo1"/>
</testsuite> <!-- fengrao.Demo1 -->
