<?xml version="1.0" encoding="UTF-8"?>
<!-- Generated by org.testng.reporters.JUnitReportReporter -->
<testsuite hostname="DESKTOP-UDJ5PR4" name="zhaoruoxi.Demo2" tests="1" failures="0" timestamp="16 Dec 2019 02:50:42 GMT" time="15.238" errors="0">
  <testcase name="Remind1" time="15.238" classname="zhaoruoxi.Demo2"/>
</testsuite> <!-- zhaoruoxi.Demo2 -->
