<?xml version="1.0" encoding="UTF-8"?>
<!-- Generated by org.testng.reporters.JUnitReportReporter -->
<testsuite hostname="DESKTOP-UDJ5PR4" name="lishaohan.L_Login" tests="1" failures="0" timestamp="16 Dec 2019 01:28:04 GMT" time="6.581" errors="0">
  <testcase name="changeSex" time="6.581" classname="lishaohan.L_Login"/>
</testsuite> <!-- lishaohan.L_Login -->
