<?xml version="1.0" encoding="UTF-8"?>
<!-- Generated by org.testng.reporters.JUnitReportReporter -->
<testsuite hostname="DESKTOP-UDJ5PR4" name="jiaweiwen.usercenter" tests="9" failures="0" timestamp="12 Dec 2019 08:41:01 GMT" time="64.942" errors="0">
  <testcase name="testusercenterSuccess4" time="3.782" classname="jiaweiwen.usercenter"/>
  <testcase name="testusercenterSuccess5" time="3.637" classname="jiaweiwen.usercenter"/>
  <testcase name="testusercenterSuccess3" time="3.731" classname="jiaweiwen.usercenter"/>
  <testcase name="testusercenterSuccess7" time="3.739" classname="jiaweiwen.usercenter"/>
  <testcase name="testusercenterSuccess8" time="7.649" classname="jiaweiwen.usercenter"/>
  <testcase name="testusercenterSuccess6" time="4.060" classname="jiaweiwen.usercenter"/>
  <testcase name="testusercenterSuccess2" time="3.827" classname="jiaweiwen.usercenter"/>
  <testcase name="testusercenterSuccess9" time="7.055" classname="jiaweiwen.usercenter"/>
  <testcase name="testusercenterSuccess" time="27.462" classname="jiaweiwen.usercenter"/>
</testsuite> <!-- jiaweiwen.usercenter -->
