<?xml version="1.0" encoding="UTF-8"?>
<!-- Generated by org.testng.reporters.JUnitReportReporter -->
<testsuite hostname="DESKTOP-UDJ5PR4" name="zhaoruoxi.Demo" tests="10" failures="0" timestamp="16 Dec 2019 02:30:27 GMT" time="211.633" errors="0">
  <testcase name="ChangeSignature" time="22.943" classname="zhaoruoxi.Demo"/>
  <testcase name="ChangeSignature" time="20.979" classname="zhaoruoxi.Demo"/>
  <testcase name="ChangeSignature" time="21.024" classname="zhaoruoxi.Demo"/>
  <testcase name="ChangeSignature" time="21.119" classname="zhaoruoxi.Demo"/>
  <testcase name="ChangeSignature" time="20.727" classname="zhaoruoxi.Demo"/>
  <testcase name="ChangeSignature" time="21.128" classname="zhaoruoxi.Demo"/>
  <testcase name="ChangeSignature" time="21.164" classname="zhaoruoxi.Demo"/>
  <testcase name="ChangeSignature" time="21.313" classname="zhaoruoxi.Demo"/>
  <testcase name="ChangeSignature" time="20.664" classname="zhaoruoxi.Demo"/>
  <testcase name="ChangeSignature" time="20.572" classname="zhaoruoxi.Demo"/>
</testsuite> <!-- zhaoruoxi.Demo -->
