<?xml version="1.0" encoding="UTF-8"?>
<!-- Generated by org.testng.reporters.JUnitReportReporter -->
<testsuite hostname="DESKTOP-UDJ5PR4" name="liziran.Demo3" tests="3" failures="0" timestamp="12 Dec 2019 08:41:01 GMT" time="43.831" errors="0">
  <testcase name="test42" time="14.918" classname="liziran.Demo3"/>
  <testcase name="test43" time="21.984" classname="liziran.Demo3"/>
  <testcase name="test41" time="6.929" classname="liziran.Demo3"/>
</testsuite> <!-- liziran.Demo3 -->
