<?xml version="1.0" encoding="UTF-8"?>
<!-- Generated by org.testng.reporters.JUnitReportReporter -->
<testsuite hostname="DESKTOP-UDJ5PR4" name="jiaweiwen.operation_tools" tests="9" failures="0" timestamp="12 Dec 2019 08:41:01 GMT" time="174.261" errors="0">
  <testcase name="operation_toolsSuccess5" time="16.355" classname="jiaweiwen.operation_tools"/>
  <testcase name="operation_toolsSuccess6" time="23.922" classname="jiaweiwen.operation_tools"/>
  <testcase name="operation_toolsSuccess11" time="14.973" classname="jiaweiwen.operation_tools"/>
  <testcase name="operation_toolsSuccess2" time="21.338" classname="jiaweiwen.operation_tools"/>
  <testcase name="operation_toolsSuccess3" time="11.551" classname="jiaweiwen.operation_tools"/>
  <testcase name="operation_toolsSuccess" time="24.211" classname="jiaweiwen.operation_tools"/>
  <testcase name="operation_toolsSuccess7" time="23.779" classname="jiaweiwen.operation_tools"/>
  <testcase name="operation_toolsSuccess8" time="23.136" classname="jiaweiwen.operation_tools"/>
  <testcase name="operation_toolsSuccess9" time="14.996" classname="jiaweiwen.operation_tools"/>
</testsuite> <!-- jiaweiwen.operation_tools -->
