<?xml version="1.0" encoding="UTF-8"?>
<!-- Generated by org.testng.reporters.JUnitReportReporter -->
<testsuite hostname="DESKTOP-UDJ5PR4" name="com.webtest.openSNS.usercenter" tests="9" failures="0" timestamp="11 Dec 2019 04:10:25 GMT" time="66.496" errors="0">
  <testcase name="testusercenterSuccess9" time="7.036" classname="com.webtest.openSNS.usercenter"/>
  <testcase name="testusercenterSuccess2" time="3.716" classname="com.webtest.openSNS.usercenter"/>
  <testcase name="testusercenterSuccess7" time="3.773" classname="com.webtest.openSNS.usercenter"/>
  <testcase name="testusercenterSuccess3" time="3.747" classname="com.webtest.openSNS.usercenter"/>
  <testcase name="testusercenterSuccess4" time="3.694" classname="com.webtest.openSNS.usercenter"/>
  <testcase name="testusercenterSuccess" time="29.076" classname="com.webtest.openSNS.usercenter"/>
  <testcase name="testusercenterSuccess5" time="3.680" classname="com.webtest.openSNS.usercenter"/>
  <testcase name="testusercenterSuccess6" time="4.041" classname="com.webtest.openSNS.usercenter"/>
  <testcase name="testusercenterSuccess8" time="7.733" classname="com.webtest.openSNS.usercenter"/>
</testsuite> <!-- com.webtest.openSNS.usercenter -->
