<?xml version="1.0" encoding="UTF-8"?>
<!-- Generated by org.testng.reporters.JUnitReportReporter -->
<testsuite skipped="1" hostname="LAPTOP-GQC95DC8" name="com.webtest.dataprovider.NSDataProvider" tests="1" failures="0" timestamp="26 十一月 2019 02:52:47 GMT" time="0.000" errors="0">
  <testcase name="getData" time="0.000" classname="com.webtest.dataprovider.NSDataProvider">
    <skipped/>
  </testcase> <!-- getData -->
</testsuite> <!-- com.webtest.dataprovider.NSDataProvider -->
