<?xml version="1.0" encoding="UTF-8"?>
<!-- Generated by org.testng.reporters.JUnitReportReporter -->
<testsuite skipped="0" hostname="LAPTOP-GQC95DC8" name="com.webtest.demo.Admin_Login" tests="1" failures="0" timestamp="26 十一月 2019 01:33:58 GMT" time="12.380" errors="0">
  <testcase name="testLogin" time="12.380" classname="com.webtest.demo.Admin_Login"/>
</testsuite> <!-- com.webtest.demo.Admin_Login -->
