<?xml version="1.0" encoding="UTF-8"?>
<!-- Generated by org.testng.reporters.JUnitReportReporter -->
<testsuite skipped="1" hostname="LAPTOP-GQC95DC8" name="com.webtest.demo.Front_Login1" tests="1" failures="0" timestamp="19 十一月 2019 05:42:06 GMT" time="0.000" errors="0">
  <testcase name="testLoginSuccess" time="0.000" classname="com.webtest.demo.Front_Login1">
    <skipped/>
  </testcase> <!-- testLoginSuccess -->
</testsuite> <!-- com.webtest.demo.Front_Login1 -->
