<?xml version="1.0" encoding="UTF-8"?>
<!-- Generated by org.testng.reporters.JUnitReportReporter -->
<testsuite skipped="0" hostname="DESKTOP-5IG2H4A" name="com.webtest.demo.Dome" tests="1" failures="0" timestamp="14 十一月 2019 13:06:30 GMT" time="0.010" errors="0">
  <testcase name="demo" time="0.010" classname="com.webtest.demo.Dome"/>
</testsuite> <!-- com.webtest.demo.Dome -->
