<?xml version="1.0" encoding="UTF-8"?>
<!-- Generated by org.testng.reporters.JUnitReportReporter -->
<testsuite hostname="DESKTOP-UDJ5PR4" name="com.ant.test.HelloWorld" tests="1" failures="0" timestamp="13 Dec 2019 06:28:05 GMT" time="0.009" errors="0">
  <testcase name="FindP" time="0.009" classname="com.ant.test.HelloWorld"/>
</testsuite> <!-- com.ant.test.HelloWorld -->
