<?xml version="1.0" encoding="UTF-8"?>
<!-- Generated by org.testng.reporters.JUnitReportReporter -->
<testsuite hostname="DESKTOP-UDJ5PR4" name="fengrao.Demo1" tests="1" failures="0" timestamp="15 Dec 2019 09:55:20 GMT" time="7.142" errors="0">
  <testcase name="FindPeopleByName1" time="7.142" classname="fengrao.Demo1"/>
</testsuite> <!-- fengrao.Demo1 -->
