<?xml version="1.0" encoding="UTF-8"?>
<!-- Generated by org.testng.reporters.JUnitReportReporter -->
<testsuite hostname="DESKTOP-KQHJ4VM" name="com.edu.xueli.New" tests="1" failures="0" timestamp="28 Sep 2019 07:25:11 GMT" time="0.617" errors="0">
  <testcase name="newTest" time="0.617" classname="com.edu.xueli.New"/>
</testsuite> <!-- com.edu.xueli.New -->
