<?xml version="1.0" encoding="UTF-8"?>
<!-- Generated by org.testng.reporters.JUnitReportReporter -->
<testsuite hostname="DESKTOP-KQHJ4VM" name="com.edu.freemarker.TestFreemarker" tests="1" failures="0" timestamp="14 Nov 2019 02:10:25 GMT" time="0.452" errors="0">
  <testcase name="freemarker1" time="0.452" classname="com.edu.freemarker.TestFreemarker"/>
</testsuite> <!-- com.edu.freemarker.TestFreemarker -->
