<?xml version="1.0" encoding="UTF-8"?>
<!-- Generated by org.testng.reporters.JUnitReportReporter -->
<testsuite hostname="DESKTOP-KQHJ4VM" name="com.edu.freemarker.Demo" tests="1" failures="0" timestamp="13 Nov 2019 08:49:39 GMT" time="0.016" errors="0">
  <testcase name="test01" time="0.016" classname="com.edu.freemarker.Demo"/>
</testsuite> <!-- com.edu.freemarker.Demo -->
