<?xml version="1.0" encoding="UTF-8"?>
<!-- Generated by org.testng.reporters.JUnitReportReporter -->
<testsuite hostname="DESKTOP-KQHJ4VM" name="com.edu.freemarker.Testa" tests="1" failures="0" timestamp="13 Nov 2019 08:25:33 GMT" time="0.242" errors="0">
  <testcase name="test01" time="0.242" classname="com.edu.freemarker.Testa"/>
</testsuite> <!-- com.edu.freemarker.Testa -->
