<?xml version="1.0" encoding="UTF-8"?>
<!-- Generated by org.testng.reporters.JUnitReportReporter -->
<testsuite hostname="DESKTOP-KQHJ4VM" name="com.edu.test.Demo1" tests="1" failures="0" timestamp="14 Nov 2019 06:39:32 GMT" time="0.018" errors="0">
  <testcase name="t1" time="0.018" classname="com.edu.test.Demo1"/>
</testsuite> <!-- com.edu.test.Demo1 -->
