<?xml version="1.0" encoding="UTF-8"?>
<!-- Generated by org.testng.reporters.JUnitReportReporter -->
<testsuite hostname="DESKTOP-KQHJ4VM" name="com.edu.xueli.Submit" tests="1" failures="0" timestamp="28 Sep 2019 07:24:26 GMT" time="0.708" errors="0">
  <testcase name="submitTest" time="0.708" classname="com.edu.xueli.Submit"/>
</testsuite> <!-- com.edu.xueli.Submit -->
